[0.853s] Invoking command in '/home/mateo/Desktop/tp_final_robotica/src/turtlebot3_slam_mapper': CONDA_PROMPT_MODIFIER=(rosenv) PYTHONPATH=/home/mateo/Desktop/tp_final_robotica/build/turtlebot3_slam_mapper/prefix_override:/home/mateo/miniconda3/envs/rosenv/lib/python3.11/site-packages/colcon_core/task/python/colcon_distutils_commands:/home/mateo/Desktop/tp_final_robotica/install/turtlebot3_slam_mapper/lib/python3.11/site-packages:${PYTHONPATH} /home/mateo/miniconda3/envs/rosenv/bin/python3.11 -W ignore:setup.py install is deprecated -W ignore:easy_install command is deprecated setup.py egg_info --egg-base ../../build/turtlebot3_slam_mapper build --build-base /home/mateo/Desktop/tp_final_robotica/build/turtlebot3_slam_mapper/build install --record /home/mateo/Desktop/tp_final_robotica/build/turtlebot3_slam_mapper/install.log --single-version-externally-managed install_data
[1.088s] /home/mateo/miniconda3/envs/rosenv/lib/python3.11/site-packages/setuptools/_distutils/dist.py:289: UserWarning: Unknown distribution option: 'tests_require'
[1.088s]   warnings.warn(msg)
[1.194s] running egg_info
[1.211s] creating ../../build/turtlebot3_slam_mapper/turtlebot3_slam_mapper.egg-info
[1.211s] writing ../../build/turtlebot3_slam_mapper/turtlebot3_slam_mapper.egg-info/PKG-INFO
[1.212s] writing dependency_links to ../../build/turtlebot3_slam_mapper/turtlebot3_slam_mapper.egg-info/dependency_links.txt
[1.212s] writing entry points to ../../build/turtlebot3_slam_mapper/turtlebot3_slam_mapper.egg-info/entry_points.txt
[1.212s] writing requirements to ../../build/turtlebot3_slam_mapper/turtlebot3_slam_mapper.egg-info/requires.txt
[1.212s] writing top-level names to ../../build/turtlebot3_slam_mapper/turtlebot3_slam_mapper.egg-info/top_level.txt
[1.212s] writing manifest file '../../build/turtlebot3_slam_mapper/turtlebot3_slam_mapper.egg-info/SOURCES.txt'
[1.247s] reading manifest file '../../build/turtlebot3_slam_mapper/turtlebot3_slam_mapper.egg-info/SOURCES.txt'
[1.249s] writing manifest file '../../build/turtlebot3_slam_mapper/turtlebot3_slam_mapper.egg-info/SOURCES.txt'
[1.249s] running build
[1.250s] running build_py
[1.250s] creating /home/mateo/Desktop/tp_final_robotica/build/turtlebot3_slam_mapper/build/lib/turtlebot3_slam_mapper
[1.250s] copying turtlebot3_slam_mapper/__init__.py -> /home/mateo/Desktop/tp_final_robotica/build/turtlebot3_slam_mapper/build/lib/turtlebot3_slam_mapper
[1.250s] copying turtlebot3_slam_mapper/python_slam_node.py -> /home/mateo/Desktop/tp_final_robotica/build/turtlebot3_slam_mapper/build/lib/turtlebot3_slam_mapper
[1.251s] running install
[1.258s] running install_lib
[1.276s] creating /home/mateo/Desktop/tp_final_robotica/install/turtlebot3_slam_mapper/lib/python3.11/site-packages/turtlebot3_slam_mapper
[1.277s] copying /home/mateo/Desktop/tp_final_robotica/build/turtlebot3_slam_mapper/build/lib/turtlebot3_slam_mapper/__init__.py -> /home/mateo/Desktop/tp_final_robotica/install/turtlebot3_slam_mapper/lib/python3.11/site-packages/turtlebot3_slam_mapper
[1.277s] copying /home/mateo/Desktop/tp_final_robotica/build/turtlebot3_slam_mapper/build/lib/turtlebot3_slam_mapper/python_slam_node.py -> /home/mateo/Desktop/tp_final_robotica/install/turtlebot3_slam_mapper/lib/python3.11/site-packages/turtlebot3_slam_mapper
[1.277s] byte-compiling /home/mateo/Desktop/tp_final_robotica/install/turtlebot3_slam_mapper/lib/python3.11/site-packages/turtlebot3_slam_mapper/__init__.py to __init__.cpython-311.pyc
[1.278s] byte-compiling /home/mateo/Desktop/tp_final_robotica/install/turtlebot3_slam_mapper/lib/python3.11/site-packages/turtlebot3_slam_mapper/python_slam_node.py to python_slam_node.cpython-311.pyc
[1.283s] running install_data
[1.284s] creating /home/mateo/Desktop/tp_final_robotica/install/turtlebot3_slam_mapper/share/ament_index/resource_index/packages
[1.284s] copying resource/turtlebot3_slam_mapper -> /home/mateo/Desktop/tp_final_robotica/install/turtlebot3_slam_mapper/share/ament_index/resource_index/packages
[1.284s] copying package.xml -> /home/mateo/Desktop/tp_final_robotica/install/turtlebot3_slam_mapper/share/turtlebot3_slam_mapper
[1.284s] creating /home/mateo/Desktop/tp_final_robotica/install/turtlebot3_slam_mapper/share/turtlebot3_slam_mapper/launch
[1.284s] copying launch/python_slam_maze.launch.py -> /home/mateo/Desktop/tp_final_robotica/install/turtlebot3_slam_mapper/share/turtlebot3_slam_mapper/launch
[1.285s] creating /home/mateo/Desktop/tp_final_robotica/install/turtlebot3_slam_mapper/share/turtlebot3_slam_mapper/rviz
[1.285s] copying rviz/slam_maze.rviz -> /home/mateo/Desktop/tp_final_robotica/install/turtlebot3_slam_mapper/share/turtlebot3_slam_mapper/rviz
[1.285s] creating /home/mateo/Desktop/tp_final_robotica/install/turtlebot3_slam_mapper/share/turtlebot3_slam_mapper/config
[1.285s] copying config/slam_toolbox_params.yaml -> /home/mateo/Desktop/tp_final_robotica/install/turtlebot3_slam_mapper/share/turtlebot3_slam_mapper/config
[1.285s] running install_egg_info
[1.303s] Copying ../../build/turtlebot3_slam_mapper/turtlebot3_slam_mapper.egg-info to /home/mateo/Desktop/tp_final_robotica/install/turtlebot3_slam_mapper/lib/python3.11/site-packages/turtlebot3_slam_mapper-0.0.0-py3.11.egg-info
[1.304s] running install_scripts
[1.340s] Installing python_slam_node script to /home/mateo/Desktop/tp_final_robotica/install/turtlebot3_slam_mapper/lib/turtlebot3_slam_mapper
[1.340s] writing list of installed files to '/home/mateo/Desktop/tp_final_robotica/build/turtlebot3_slam_mapper/install.log'
[1.377s] Invoked command in '/home/mateo/Desktop/tp_final_robotica/src/turtlebot3_slam_mapper' returned '0': CONDA_PROMPT_MODIFIER=(rosenv) PYTHONPATH=/home/mateo/Desktop/tp_final_robotica/build/turtlebot3_slam_mapper/prefix_override:/home/mateo/miniconda3/envs/rosenv/lib/python3.11/site-packages/colcon_core/task/python/colcon_distutils_commands:/home/mateo/Desktop/tp_final_robotica/install/turtlebot3_slam_mapper/lib/python3.11/site-packages:${PYTHONPATH} /home/mateo/miniconda3/envs/rosenv/bin/python3.11 -W ignore:setup.py install is deprecated -W ignore:easy_install command is deprecated setup.py egg_info --egg-base ../../build/turtlebot3_slam_mapper build --build-base /home/mateo/Desktop/tp_final_robotica/build/turtlebot3_slam_mapper/build install --record /home/mateo/Desktop/tp_final_robotica/build/turtlebot3_slam_mapper/install.log --single-version-externally-managed install_data
