[0.673s] Invoking command in '/home/mateo/Desktop/tp_final_robotica/src/turtlebot3_slam_mapper': CONDA_PROMPT_MODIFIER=(rosenv) PYTHONPATH=/home/mateo/Desktop/tp_final_robotica/build/turtlebot3_slam_mapper/prefix_override:/home/mateo/miniconda3/envs/rosenv/lib/python3.11/site-packages/colcon_core/task/python/colcon_distutils_commands:/home/mateo/Desktop/tp_final_robotica/install/turtlebot3_slam_mapper/lib/python3.11/site-packages:${PYTHONPATH} /home/mateo/miniconda3/envs/rosenv/bin/python3.11 -W ignore:setup.py install is deprecated -W ignore:easy_install command is deprecated setup.py egg_info --egg-base ../../build/turtlebot3_slam_mapper build --build-base /home/mateo/Desktop/tp_final_robotica/build/turtlebot3_slam_mapper/build install --record /home/mateo/Desktop/tp_final_robotica/build/turtlebot3_slam_mapper/install.log --single-version-externally-managed install_data
[0.865s] /home/mateo/miniconda3/envs/rosenv/lib/python3.11/site-packages/setuptools/_distutils/dist.py:289: UserWarning: Unknown distribution option: 'tests_require'
[0.865s]   warnings.warn(msg)
[0.933s] running egg_info
[0.944s] writing ../../build/turtlebot3_slam_mapper/turtlebot3_slam_mapper.egg-info/PKG-INFO
[0.944s] writing dependency_links to ../../build/turtlebot3_slam_mapper/turtlebot3_slam_mapper.egg-info/dependency_links.txt
[0.944s] writing entry points to ../../build/turtlebot3_slam_mapper/turtlebot3_slam_mapper.egg-info/entry_points.txt
[0.945s] writing requirements to ../../build/turtlebot3_slam_mapper/turtlebot3_slam_mapper.egg-info/requires.txt
[0.945s] writing top-level names to ../../build/turtlebot3_slam_mapper/turtlebot3_slam_mapper.egg-info/top_level.txt
[0.970s] reading manifest file '../../build/turtlebot3_slam_mapper/turtlebot3_slam_mapper.egg-info/SOURCES.txt'
[0.973s] writing manifest file '../../build/turtlebot3_slam_mapper/turtlebot3_slam_mapper.egg-info/SOURCES.txt'
[0.973s] running build
[0.973s] running build_py
[0.973s] copying turtlebot3_slam_mapper/python_slam_node.py -> /home/mateo/Desktop/tp_final_robotica/build/turtlebot3_slam_mapper/build/lib/turtlebot3_slam_mapper
[0.974s] running install
[0.980s] running install_lib
[0.993s] running install_data
[0.994s] running install_egg_info
[1.008s] removing '/home/mateo/Desktop/tp_final_robotica/install/turtlebot3_slam_mapper/lib/python3.11/site-packages/turtlebot3_slam_mapper-0.0.0-py3.11.egg-info' (and everything under it)
[1.008s] Copying ../../build/turtlebot3_slam_mapper/turtlebot3_slam_mapper.egg-info to /home/mateo/Desktop/tp_final_robotica/install/turtlebot3_slam_mapper/lib/python3.11/site-packages/turtlebot3_slam_mapper-0.0.0-py3.11.egg-info
[1.009s] running install_scripts
[1.035s] Installing python_slam_node script to /home/mateo/Desktop/tp_final_robotica/install/turtlebot3_slam_mapper/lib/turtlebot3_slam_mapper
[1.035s] writing list of installed files to '/home/mateo/Desktop/tp_final_robotica/build/turtlebot3_slam_mapper/install.log'
[1.066s] Invoked command in '/home/mateo/Desktop/tp_final_robotica/src/turtlebot3_slam_mapper' returned '0': CONDA_PROMPT_MODIFIER=(rosenv) PYTHONPATH=/home/mateo/Desktop/tp_final_robotica/build/turtlebot3_slam_mapper/prefix_override:/home/mateo/miniconda3/envs/rosenv/lib/python3.11/site-packages/colcon_core/task/python/colcon_distutils_commands:/home/mateo/Desktop/tp_final_robotica/install/turtlebot3_slam_mapper/lib/python3.11/site-packages:${PYTHONPATH} /home/mateo/miniconda3/envs/rosenv/bin/python3.11 -W ignore:setup.py install is deprecated -W ignore:easy_install command is deprecated setup.py egg_info --egg-base ../../build/turtlebot3_slam_mapper build --build-base /home/mateo/Desktop/tp_final_robotica/build/turtlebot3_slam_mapper/build install --record /home/mateo/Desktop/tp_final_robotica/build/turtlebot3_slam_mapper/install.log --single-version-externally-managed install_data
