running egg_info
writing ../../build/turtlebot3_slam_mapper/turtlebot3_slam_mapper.egg-info/PKG-INFO
writing dependency_links to ../../build/turtlebot3_slam_mapper/turtlebot3_slam_mapper.egg-info/dependency_links.txt
writing entry points to ../../build/turtlebot3_slam_mapper/turtlebot3_slam_mapper.egg-info/entry_points.txt
writing requirements to ../../build/turtlebot3_slam_mapper/turtlebot3_slam_mapper.egg-info/requires.txt
writing top-level names to ../../build/turtlebot3_slam_mapper/turtlebot3_slam_mapper.egg-info/top_level.txt
reading manifest file '../../build/turtlebot3_slam_mapper/turtlebot3_slam_mapper.egg-info/SOURCES.txt'
writing manifest file '../../build/turtlebot3_slam_mapper/turtlebot3_slam_mapper.egg-info/SOURCES.txt'
running build
running build_py
copying turtlebot3_slam_mapper/python_slam_node.py -> /home/mateo/Desktop/tp_final_robotica/build/turtlebot3_slam_mapper/build/lib/turtlebot3_slam_mapper
running install
running install_lib
running install_data
running install_egg_info
removing '/home/mateo/Desktop/tp_final_robotica/install/turtlebot3_slam_mapper/lib/python3.11/site-packages/turtlebot3_slam_mapper-0.0.0-py3.11.egg-info' (and everything under it)
Copying ../../build/turtlebot3_slam_mapper/turtlebot3_slam_mapper.egg-info to /home/mateo/Desktop/tp_final_robotica/install/turtlebot3_slam_mapper/lib/python3.11/site-packages/turtlebot3_slam_mapper-0.0.0-py3.11.egg-info
running install_scripts
Installing python_slam_node script to /home/mateo/Desktop/tp_final_robotica/install/turtlebot3_slam_mapper/lib/turtlebot3_slam_mapper
writing list of installed files to '/home/mateo/Desktop/tp_final_robotica/build/turtlebot3_slam_mapper/install.log'
