[0.701s] Invoking command in '/home/mateo/Desktop/tp_final_robotica/src/turtlebot3_slam_mapper': CONDA_PROMPT_MODIFIER=(rosenv) PYTHONPATH=/home/mateo/Desktop/tp_final_robotica/build/turtlebot3_slam_mapper/prefix_override:/home/mateo/miniconda3/envs/rosenv/lib/python3.11/site-packages/colcon_core/task/python/colcon_distutils_commands:/home/mateo/Desktop/tp_final_robotica/install/turtlebot3_slam_mapper/lib/python3.11/site-packages:${PYTHONPATH} /home/mateo/miniconda3/envs/rosenv/bin/python3.11 -W ignore:setup.py install is deprecated -W ignore:easy_install command is deprecated setup.py egg_info --egg-base ../../build/turtlebot3_slam_mapper build --build-base /home/mateo/Desktop/tp_final_robotica/build/turtlebot3_slam_mapper/build install --record /home/mateo/Desktop/tp_final_robotica/build/turtlebot3_slam_mapper/install.log --single-version-externally-managed install_data
[0.901s] /home/mateo/miniconda3/envs/rosenv/lib/python3.11/site-packages/setuptools/_distutils/dist.py:289: UserWarning: Unknown distribution option: 'tests_require'
[0.901s]   warnings.warn(msg)
[0.991s] running egg_info
[1.006s] writing ../../build/turtlebot3_slam_mapper/turtlebot3_slam_mapper.egg-info/PKG-INFO
[1.007s] writing dependency_links to ../../build/turtlebot3_slam_mapper/turtlebot3_slam_mapper.egg-info/dependency_links.txt
[1.007s] writing entry points to ../../build/turtlebot3_slam_mapper/turtlebot3_slam_mapper.egg-info/entry_points.txt
[1.008s] writing requirements to ../../build/turtlebot3_slam_mapper/turtlebot3_slam_mapper.egg-info/requires.txt
[1.008s] writing top-level names to ../../build/turtlebot3_slam_mapper/turtlebot3_slam_mapper.egg-info/top_level.txt
[1.039s] reading manifest file '../../build/turtlebot3_slam_mapper/turtlebot3_slam_mapper.egg-info/SOURCES.txt'
[1.041s] writing manifest file '../../build/turtlebot3_slam_mapper/turtlebot3_slam_mapper.egg-info/SOURCES.txt'
[1.041s] running build
[1.041s] running build_py
[1.042s] copying turtlebot3_slam_mapper/python_slam_node.py -> /home/mateo/Desktop/tp_final_robotica/build/turtlebot3_slam_mapper/build/lib/turtlebot3_slam_mapper
[1.042s] running install
[1.049s] running install_lib
[1.064s] running install_data
[1.065s] running install_egg_info
[1.080s] removing '/home/mateo/Desktop/tp_final_robotica/install/turtlebot3_slam_mapper/lib/python3.11/site-packages/turtlebot3_slam_mapper-0.0.0-py3.11.egg-info' (and everything under it)
[1.080s] Copying ../../build/turtlebot3_slam_mapper/turtlebot3_slam_mapper.egg-info to /home/mateo/Desktop/tp_final_robotica/install/turtlebot3_slam_mapper/lib/python3.11/site-packages/turtlebot3_slam_mapper-0.0.0-py3.11.egg-info
[1.081s] running install_scripts
[1.110s] Installing python_slam_node script to /home/mateo/Desktop/tp_final_robotica/install/turtlebot3_slam_mapper/lib/turtlebot3_slam_mapper
[1.111s] writing list of installed files to '/home/mateo/Desktop/tp_final_robotica/build/turtlebot3_slam_mapper/install.log'
[1.142s] Invoked command in '/home/mateo/Desktop/tp_final_robotica/src/turtlebot3_slam_mapper' returned '0': CONDA_PROMPT_MODIFIER=(rosenv) PYTHONPATH=/home/mateo/Desktop/tp_final_robotica/build/turtlebot3_slam_mapper/prefix_override:/home/mateo/miniconda3/envs/rosenv/lib/python3.11/site-packages/colcon_core/task/python/colcon_distutils_commands:/home/mateo/Desktop/tp_final_robotica/install/turtlebot3_slam_mapper/lib/python3.11/site-packages:${PYTHONPATH} /home/mateo/miniconda3/envs/rosenv/bin/python3.11 -W ignore:setup.py install is deprecated -W ignore:easy_install command is deprecated setup.py egg_info --egg-base ../../build/turtlebot3_slam_mapper build --build-base /home/mateo/Desktop/tp_final_robotica/build/turtlebot3_slam_mapper/build install --record /home/mateo/Desktop/tp_final_robotica/build/turtlebot3_slam_mapper/install.log --single-version-externally-managed install_data
